Number is not a part num: 862
Number is not a part num: 20
Found part num: 453 (sum -> 453)
Number is not a part num: 619
Found part num: 58 (sum -> 511)
Found part num: 694 (sum -> 1205)
Found part num: 312 (sum -> 1517)
Number is not a part num: 292
Number is not a part num: 846
Number is not a part num: 132
Found part num: 49 (sum -> 1566)
Number is not a part num: 308
Number is not a part num: 50
Number is not a part num: 59
Found part num: 46 (sum -> 1612)
Found part num: 140 (sum -> 1752)
Found part num: 735 (sum -> 2487)
Found part num: 852 (sum -> 3339)
Found part num: 706 (sum -> 4045)
Found part num: 860 (sum -> 4905)
Found part num: 297 (sum -> 5202)
Found part num: 459 (sum -> 5661)
Found part num: 998 (sum -> 6659)
Found part num: 661 (sum -> 7320)
Found part num: 418 (sum -> 7738)
Found part num: 883 (sum -> 8621)
Found part num: 727 (sum -> 9348)
Number is not a part num: 613
Found part num: 517 (sum -> 9865)
Number is not a part num: 888
End line: Found part num: 982 (sum -> 10847)
Found part num: 828 (sum -> 11675)
Found part num: 865 (sum -> 12540)
Number is not a part num: 395
Found part num: 163 (sum -> 12703)
Found part num: 381 (sum -> 13084)
Found part num: 312 (sum -> 13396)
Found part num: 34 (sum -> 13430)
Found part num: 533 (sum -> 13963)
Found part num: 291 (sum -> 14254)
Found part num: 440 (sum -> 14694)
Found part num: 488 (sum -> 15182)
Found part num: 370 (sum -> 15552)
Found part num: 122 (sum -> 15674)
Found part num: 598 (sum -> 16272)
Found part num: 400 (sum -> 16672)
Found part num: 451 (sum -> 17123)
Found part num: 746 (sum -> 17869)
Found part num: 864 (sum -> 18733)
Found part num: 279 (sum -> 19012)
Found part num: 203 (sum -> 19215)
Found part num: 731 (sum -> 19946)
Found part num: 335 (sum -> 20281)
Found part num: 41 (sum -> 20322)
Number is not a part num: 23
Number is not a part num: 365
Found part num: 659 (sum -> 20981)
Found part num: 817 (sum -> 21798)
Found part num: 89 (sum -> 21887)
Found part num: 931 (sum -> 22818)
Found part num: 672 (sum -> 23490)
Found part num: 661 (sum -> 24151)
Found part num: 92 (sum -> 24243)
Found part num: 72 (sum -> 24315)
Number is not a part num: 943
Found part num: 455 (sum -> 24770)
Found part num: 155 (sum -> 24925)
Found part num: 966 (sum -> 25891)
Found part num: 823 (sum -> 26714)
Found part num: 702 (sum -> 27416)
Found part num: 881 (sum -> 28297)
Found part num: 874 (sum -> 29171)
Found part num: 494 (sum -> 29665)
Found part num: 364 (sum -> 30029)
Found part num: 587 (sum -> 30616)
Number is not a part num: 157
Found part num: 701 (sum -> 31317)
Found part num: 621 (sum -> 31938)
Found part num: 93 (sum -> 32031)
Found part num: 273 (sum -> 32304)
Found part num: 497 (sum -> 32801)
Found part num: 814 (sum -> 33615)
Found part num: 201 (sum -> 33816)
Found part num: 863 (sum -> 34679)
Found part num: 113 (sum -> 34792)
Found part num: 363 (sum -> 35155)
Found part num: 900 (sum -> 36055)
Found part num: 111 (sum -> 36166)
Found part num: 586 (sum -> 36752)
Found part num: 289 (sum -> 37041)
Found part num: 898 (sum -> 37939)
Found part num: 306 (sum -> 38245)
Found part num: 894 (sum -> 39139)
Found part num: 754 (sum -> 39893)
Found part num: 803 (sum -> 40696)
Found part num: 609 (sum -> 41305)
Found part num: 80 (sum -> 41385)
Found part num: 52 (sum -> 41437)
Found part num: 246 (sum -> 41683)
Found part num: 118 (sum -> 41801)
Number is not a part num: 633
Found part num: 321 (sum -> 42122)
Found part num: 642 (sum -> 42764)
Found part num: 764 (sum -> 43528)
Found part num: 644 (sum -> 44172)
Found part num: 980 (sum -> 45152)
Found part num: 726 (sum -> 45878)
Found part num: 306 (sum -> 46184)
Found part num: 787 (sum -> 46971)
Found part num: 550 (sum -> 47521)
Found part num: 666 (sum -> 48187)
Found part num: 902 (sum -> 49089)
Found part num: 946 (sum -> 50035)
Found part num: 230 (sum -> 50265)
Number is not a part num: 45
Found part num: 245 (sum -> 50510)
Found part num: 481 (sum -> 50991)
Found part num: 203 (sum -> 51194)
Found part num: 433 (sum -> 51627)
Found part num: 294 (sum -> 51921)
Found part num: 862 (sum -> 52783)
Found part num: 261 (sum -> 53044)
Found part num: 184 (sum -> 53228)
Number is not a part num: 744
Found part num: 782 (sum -> 54010)
Found part num: 984 (sum -> 54994)
Found part num: 992 (sum -> 55986)
Found part num: 678 (sum -> 56664)
Found part num: 229 (sum -> 56893)
Number is not a part num: 60
Found part num: 239 (sum -> 57132)
Found part num: 437 (sum -> 57569)
Found part num: 681 (sum -> 58250)
Found part num: 809 (sum -> 59059)
Found part num: 541 (sum -> 59600)
Found part num: 812 (sum -> 60412)
Found part num: 704 (sum -> 61116)
Number is not a part num: 33
Found part num: 434 (sum -> 61550)
Found part num: 840 (sum -> 62390)
Found part num: 300 (sum -> 62690)
Number is not a part num: 257
Number is not a part num: 37
Found part num: 17 (sum -> 62707)
Found part num: 26 (sum -> 62733)
Found part num: 793 (sum -> 63526)
Found part num: 71 (sum -> 63597)
Found part num: 486 (sum -> 64083)
Found part num: 240 (sum -> 64323)
Found part num: 261 (sum -> 64584)
Found part num: 605 (sum -> 65189)
Found part num: 953 (sum -> 66142)
Found part num: 65 (sum -> 66207)
Found part num: 724 (sum -> 66931)
Number is not a part num: 6
Number is not a part num: 446
Found part num: 854 (sum -> 67785)
Number is not a part num: 318
Found part num: 86 (sum -> 67871)
Found part num: 922 (sum -> 68793)
Found part num: 546 (sum -> 69339)
Found part num: 762 (sum -> 70101)
Found part num: 137 (sum -> 70238)
Found part num: 279 (sum -> 70517)
Found part num: 382 (sum -> 70899)
Found part num: 925 (sum -> 71824)
Found part num: 323 (sum -> 72147)
Number is not a part num: 364
Found part num: 616 (sum -> 72763)
Found part num: 597 (sum -> 73360)
Found part num: 419 (sum -> 73779)
Found part num: 985 (sum -> 74764)
Found part num: 370 (sum -> 75134)
Found part num: 735 (sum -> 75869)
Found part num: 597 (sum -> 76466)
Found part num: 966 (sum -> 77432)
Found part num: 699 (sum -> 78131)
Found part num: 874 (sum -> 79005)
Found part num: 446 (sum -> 79451)
Found part num: 798 (sum -> 80249)
Found part num: 711 (sum -> 80960)
Found part num: 905 (sum -> 81865)
Found part num: 694 (sum -> 82559)
Found part num: 700 (sum -> 83259)
Found part num: 492 (sum -> 83751)
Found part num: 706 (sum -> 84457)
Found part num: 536 (sum -> 84993)
Found part num: 417 (sum -> 85410)
Found part num: 913 (sum -> 86323)
Found part num: 39 (sum -> 86362)
Found part num: 77 (sum -> 86439)
Found part num: 975 (sum -> 87414)
Found part num: 876 (sum -> 88290)
Found part num: 954 (sum -> 89244)
Found part num: 443 (sum -> 89687)
Found part num: 804 (sum -> 90491)
Found part num: 36 (sum -> 90527)
Found part num: 51 (sum -> 90578)
Found part num: 369 (sum -> 90947)
Found part num: 247 (sum -> 91194)
Found part num: 244 (sum -> 91438)
Number is not a part num: 787
Found part num: 639 (sum -> 92077)
Found part num: 49 (sum -> 92126)
Number is not a part num: 482
Found part num: 952 (sum -> 93078)
Found part num: 365 (sum -> 93443)
Found part num: 377 (sum -> 93820)
Found part num: 603 (sum -> 94423)
Found part num: 540 (sum -> 94963)
Found part num: 369 (sum -> 95332)
Found part num: 215 (sum -> 95547)
Found part num: 276 (sum -> 95823)
Found part num: 397 (sum -> 96220)
Found part num: 856 (sum -> 97076)
Found part num: 959 (sum -> 98035)
Found part num: 81 (sum -> 98116)
Found part num: 370 (sum -> 98486)
Found part num: 958 (sum -> 99444)
Found part num: 768 (sum -> 100212)
Found part num: 41 (sum -> 100253)
Found part num: 853 (sum -> 101106)
Number is not a part num: 473
Found part num: 737 (sum -> 101843)
Found part num: 802 (sum -> 102645)
Found part num: 560 (sum -> 103205)
Found part num: 286 (sum -> 103491)
Found part num: 596 (sum -> 104087)
Found part num: 490 (sum -> 104577)
Found part num: 411 (sum -> 104988)
Found part num: 817 (sum -> 105805)
Number is not a part num: 791
Found part num: 101 (sum -> 105906)
Found part num: 727 (sum -> 106633)
Found part num: 404 (sum -> 107037)
Found part num: 689 (sum -> 107726)
Found part num: 606 (sum -> 108332)
Number is not a part num: 718
Found part num: 233 (sum -> 108565)
Found part num: 59 (sum -> 108624)
Found part num: 202 (sum -> 108826)
Found part num: 61 (sum -> 108887)
Number is not a part num: 420
Number is not a part num: 730
Found part num: 328 (sum -> 109215)
Found part num: 90 (sum -> 109305)
Found part num: 460 (sum -> 109765)
Found part num: 155 (sum -> 109920)
Found part num: 913 (sum -> 110833)
Found part num: 881 (sum -> 111714)
Found part num: 928 (sum -> 112642)
Found part num: 285 (sum -> 112927)
Found part num: 142 (sum -> 113069)
Found part num: 819 (sum -> 113888)
Found part num: 755 (sum -> 114643)
Found part num: 609 (sum -> 115252)
Found part num: 927 (sum -> 116179)
Number is not a part num: 408
Number is not a part num: 816
Found part num: 539 (sum -> 116718)
Number is not a part num: 850
Found part num: 21 (sum -> 116739)
Found part num: 699 (sum -> 117438)
Found part num: 952 (sum -> 118390)
Found part num: 844 (sum -> 119234)
Found part num: 88 (sum -> 119322)
Found part num: 952 (sum -> 120274)
Found part num: 409 (sum -> 120683)
Found part num: 539 (sum -> 121222)
Found part num: 674 (sum -> 121896)
Found part num: 337 (sum -> 122233)
Found part num: 59 (sum -> 122292)
Found part num: 698 (sum -> 122990)
Found part num: 67 (sum -> 123057)
Number is not a part num: 930
End line: Found part num: 185 (sum -> 123242)
Found part num: 775 (sum -> 124017)
Found part num: 726 (sum -> 124743)
Found part num: 259 (sum -> 125002)
Found part num: 141 (sum -> 125143)
Found part num: 471 (sum -> 125614)
Found part num: 172 (sum -> 125786)
Found part num: 185 (sum -> 125971)
Found part num: 670 (sum -> 126641)
Found part num: 411 (sum -> 127052)
Found part num: 246 (sum -> 127298)
Number is not a part num: 447
Found part num: 554 (sum -> 127852)
Found part num: 951 (sum -> 128803)
Found part num: 201 (sum -> 129004)
Found part num: 723 (sum -> 129727)
Number is not a part num: 67
Found part num: 914 (sum -> 130641)
Found part num: 482 (sum -> 131123)
Found part num: 777 (sum -> 131900)
Found part num: 78 (sum -> 131978)
Found part num: 507 (sum -> 132485)
Found part num: 918 (sum -> 133403)
Found part num: 688 (sum -> 134091)
Number is not a part num: 457
Number is not a part num: 40
Found part num: 564 (sum -> 134655)
Number is not a part num: 29
Found part num: 199 (sum -> 134854)
Found part num: 537 (sum -> 135391)
Found part num: 489 (sum -> 135880)
Found part num: 730 (sum -> 136610)
Number is not a part num: 220
Found part num: 239 (sum -> 136849)
Found part num: 16 (sum -> 136865)
Found part num: 269 (sum -> 137134)
Found part num: 220 (sum -> 137354)
Found part num: 782 (sum -> 138136)
Found part num: 592 (sum -> 138728)
Found part num: 857 (sum -> 139585)
Found part num: 435 (sum -> 140020)
Found part num: 343 (sum -> 140363)
Found part num: 913 (sum -> 141276)
Found part num: 487 (sum -> 141763)
Found part num: 183 (sum -> 141946)
Found part num: 481 (sum -> 142427)
Found part num: 118 (sum -> 142545)
Found part num: 419 (sum -> 142964)
Found part num: 286 (sum -> 143250)
Found part num: 163 (sum -> 143413)
Found part num: 752 (sum -> 144165)
Found part num: 933 (sum -> 145098)
Found part num: 10 (sum -> 145108)
Number is not a part num: 735
End line: Found part num: 315 (sum -> 145423)
Found part num: 958 (sum -> 146381)
Found part num: 934 (sum -> 147315)
Found part num: 882 (sum -> 148197)
Found part num: 51 (sum -> 148248)
Found part num: 512 (sum -> 148760)
Found part num: 769 (sum -> 149529)
Found part num: 533 (sum -> 150062)
Found part num: 264 (sum -> 150326)
Found part num: 6 (sum -> 150332)
Found part num: 720 (sum -> 151052)
Found part num: 550 (sum -> 151602)
Found part num: 408 (sum -> 152010)
Found part num: 366 (sum -> 152376)
Number is not a part num: 132
Found part num: 794 (sum -> 153170)
Found part num: 615 (sum -> 153785)
Found part num: 297 (sum -> 154082)
Found part num: 60 (sum -> 154142)
Number is not a part num: 6
Found part num: 292 (sum -> 154434)
Found part num: 106 (sum -> 154540)
Found part num: 889 (sum -> 155429)
Found part num: 468 (sum -> 155897)
Found part num: 239 (sum -> 156136)
Found part num: 314 (sum -> 156450)
Found part num: 831 (sum -> 157281)
Found part num: 130 (sum -> 157411)
Found part num: 48 (sum -> 157459)
Found part num: 655 (sum -> 158114)
Found part num: 757 (sum -> 158871)
Found part num: 976 (sum -> 159847)
Found part num: 594 (sum -> 160441)
Found part num: 924 (sum -> 161365)
Number is not a part num: 932
Found part num: 99 (sum -> 161464)
Found part num: 759 (sum -> 162223)
Number is not a part num: 2
Found part num: 750 (sum -> 162973)
Found part num: 236 (sum -> 163209)
Found part num: 251 (sum -> 163460)
Found part num: 451 (sum -> 163911)
Found part num: 274 (sum -> 164185)
Found part num: 868 (sum -> 165053)
Found part num: 939 (sum -> 165992)
Found part num: 477 (sum -> 166469)
Found part num: 580 (sum -> 167049)
Found part num: 739 (sum -> 167788)
Found part num: 743 (sum -> 168531)
Found part num: 346 (sum -> 168877)
Found part num: 802 (sum -> 169679)
Found part num: 91 (sum -> 169770)
Found part num: 531 (sum -> 170301)
Found part num: 739 (sum -> 171040)
Found part num: 661 (sum -> 171701)
Found part num: 925 (sum -> 172626)
Found part num: 894 (sum -> 173520)
Found part num: 55 (sum -> 173575)
Found part num: 995 (sum -> 174570)
Found part num: 178 (sum -> 174748)
Found part num: 90 (sum -> 174838)
Found part num: 139 (sum -> 174977)
Found part num: 855 (sum -> 175832)
Found part num: 583 (sum -> 176415)
Found part num: 377 (sum -> 176792)
Found part num: 588 (sum -> 177380)
Number is not a part num: 65
Found part num: 261 (sum -> 177641)
Found part num: 28 (sum -> 177669)
Found part num: 10 (sum -> 177679)
Number is not a part num: 22
Found part num: 697 (sum -> 178376)
Found part num: 812 (sum -> 179188)
Found part num: 141 (sum -> 179329)
Found part num: 342 (sum -> 179671)
Number is not a part num: 710
Found part num: 255 (sum -> 179926)
Found part num: 155 (sum -> 180081)
Found part num: 254 (sum -> 180335)
Found part num: 516 (sum -> 180851)
Number is not a part num: 777
Found part num: 876 (sum -> 181727)
Found part num: 364 (sum -> 182091)
Found part num: 453 (sum -> 182544)
Found part num: 745 (sum -> 183289)
Found part num: 216 (sum -> 183505)
Found part num: 187 (sum -> 183692)
Found part num: 686 (sum -> 184378)
Found part num: 782 (sum -> 185160)
Found part num: 936 (sum -> 186096)
Found part num: 579 (sum -> 186675)
Found part num: 736 (sum -> 187411)
Found part num: 9 (sum -> 187420)
Found part num: 797 (sum -> 188217)
Found part num: 809 (sum -> 189026)
Found part num: 983 (sum -> 190009)
End line: Found part num: 448 (sum -> 190457)
Found part num: 700 (sum -> 191157)
Found part num: 152 (sum -> 191309)
Found part num: 587 (sum -> 191896)
Found part num: 444 (sum -> 192340)
Found part num: 375 (sum -> 192715)
Found part num: 744 (sum -> 193459)
Found part num: 21 (sum -> 193480)
Found part num: 140 (sum -> 193620)
Found part num: 576 (sum -> 194196)
Found part num: 420 (sum -> 194616)
Found part num: 399 (sum -> 195015)
Found part num: 822 (sum -> 195837)
Found part num: 377 (sum -> 196214)
Found part num: 657 (sum -> 196871)
Found part num: 856 (sum -> 197727)
Number is not a part num: 811
Found part num: 658 (sum -> 198385)
Found part num: 111 (sum -> 198496)
Found part num: 718 (sum -> 199214)
Number is not a part num: 689
Found part num: 764 (sum -> 199978)
Found part num: 758 (sum -> 200736)
Found part num: 40 (sum -> 200776)
Found part num: 632 (sum -> 201408)
Found part num: 574 (sum -> 201982)
Found part num: 850 (sum -> 202832)
Found part num: 626 (sum -> 203458)
Found part num: 112 (sum -> 203570)
Number is not a part num: 833
Found part num: 456 (sum -> 204026)
Number is not a part num: 345
Found part num: 707 (sum -> 204733)
Found part num: 35 (sum -> 204768)
Found part num: 96 (sum -> 204864)
Found part num: 891 (sum -> 205755)
Found part num: 218 (sum -> 205973)
Found part num: 714 (sum -> 206687)
Found part num: 850 (sum -> 207537)
Found part num: 131 (sum -> 207668)
Found part num: 334 (sum -> 208002)
Found part num: 776 (sum -> 208778)
Found part num: 896 (sum -> 209674)
Found part num: 878 (sum -> 210552)
Number is not a part num: 729
Number is not a part num: 846
Number is not a part num: 641
Found part num: 121 (sum -> 210673)
Found part num: 736 (sum -> 211409)
Found part num: 737 (sum -> 212146)
Number is not a part num: 742
Found part num: 429 (sum -> 212575)
Found part num: 125 (sum -> 212700)
Found part num: 104 (sum -> 212804)
Found part num: 397 (sum -> 213201)
Found part num: 389 (sum -> 213590)
Found part num: 441 (sum -> 214031)
Found part num: 841 (sum -> 214872)
Found part num: 363 (sum -> 215235)
Found part num: 103 (sum -> 215338)
Found part num: 820 (sum -> 216158)
Found part num: 306 (sum -> 216464)
Found part num: 772 (sum -> 217236)
Found part num: 851 (sum -> 218087)
Found part num: 580 (sum -> 218667)
Found part num: 750 (sum -> 219417)
Found part num: 601 (sum -> 220018)
Found part num: 38 (sum -> 220056)
Found part num: 715 (sum -> 220771)
Found part num: 54 (sum -> 220825)
Found part num: 832 (sum -> 221657)
Found part num: 226 (sum -> 221883)
End line: Number is not a part num: 861
Found part num: 282 (sum -> 222165)
Found part num: 264 (sum -> 222429)
Found part num: 63 (sum -> 222492)
Number is not a part num: 655
Number is not a part num: 223
Found part num: 360 (sum -> 222852)
Found part num: 887 (sum -> 223739)
Found part num: 130 (sum -> 223869)
Found part num: 208 (sum -> 224077)
Found part num: 2 (sum -> 224079)
Number is not a part num: 976
Found part num: 241 (sum -> 224320)
Found part num: 969 (sum -> 225289)
Found part num: 588 (sum -> 225877)
Number is not a part num: 942
Number is not a part num: 542
Found part num: 782 (sum -> 226659)
Found part num: 208 (sum -> 226867)
Number is not a part num: 255
Found part num: 918 (sum -> 227785)
Found part num: 476 (sum -> 228261)
Found part num: 606 (sum -> 228867)
Found part num: 464 (sum -> 229331)
Found part num: 447 (sum -> 229778)
Found part num: 674 (sum -> 230452)
Found part num: 979 (sum -> 231431)
Found part num: 979 (sum -> 232410)
Found part num: 302 (sum -> 232712)
Found part num: 642 (sum -> 233354)
Found part num: 937 (sum -> 234291)
Found part num: 200 (sum -> 234491)
Found part num: 837 (sum -> 235328)
Found part num: 109 (sum -> 235437)
Found part num: 525 (sum -> 235962)
Found part num: 476 (sum -> 236438)
Found part num: 564 (sum -> 237002)
Number is not a part num: 571
Number is not a part num: 129
Found part num: 295 (sum -> 237297)
Found part num: 623 (sum -> 237920)
Found part num: 647 (sum -> 238567)
Found part num: 825 (sum -> 239392)
Found part num: 385 (sum -> 239777)
Found part num: 275 (sum -> 240052)
Number is not a part num: 354
Found part num: 492 (sum -> 240544)
Found part num: 2 (sum -> 240546)
Found part num: 303 (sum -> 240849)
Found part num: 991 (sum -> 241840)
Found part num: 290 (sum -> 242130)
Found part num: 830 (sum -> 242960)
Found part num: 246 (sum -> 243206)
Found part num: 912 (sum -> 244118)
Found part num: 104 (sum -> 244222)
Found part num: 940 (sum -> 245162)
Found part num: 440 (sum -> 245602)
Found part num: 931 (sum -> 246533)
Found part num: 595 (sum -> 247128)
Found part num: 741 (sum -> 247869)
Number is not a part num: 977
Found part num: 272 (sum -> 248141)
Found part num: 778 (sum -> 248919)
Found part num: 507 (sum -> 249426)
Found part num: 803 (sum -> 250229)
Found part num: 559 (sum -> 250788)
Found part num: 328 (sum -> 251116)
Found part num: 966 (sum -> 252082)
Found part num: 516 (sum -> 252598)
Found part num: 494 (sum -> 253092)
Found part num: 842 (sum -> 253934)
Found part num: 464 (sum -> 254398)
Found part num: 750 (sum -> 255148)
Found part num: 338 (sum -> 255486)
Found part num: 253 (sum -> 255739)
Found part num: 386 (sum -> 256125)
Found part num: 656 (sum -> 256781)
Found part num: 529 (sum -> 257310)
Found part num: 662 (sum -> 257972)
Found part num: 757 (sum -> 258729)
Found part num: 868 (sum -> 259597)
Found part num: 258 (sum -> 259855)
Found part num: 843 (sum -> 260698)
Found part num: 413 (sum -> 261111)
Found part num: 513 (sum -> 261624)
Found part num: 359 (sum -> 261983)
Found part num: 588 (sum -> 262571)
Found part num: 16 (sum -> 262587)
Found part num: 359 (sum -> 262946)
Number is not a part num: 498
Found part num: 555 (sum -> 263501)
Found part num: 10 (sum -> 263511)
Found part num: 145 (sum -> 263656)
Found part num: 136 (sum -> 263792)
Found part num: 980 (sum -> 264772)
Found part num: 681 (sum -> 265453)
Found part num: 625 (sum -> 266078)
Found part num: 147 (sum -> 266225)
Found part num: 588 (sum -> 266813)
Found part num: 82 (sum -> 266895)
Found part num: 397 (sum -> 267292)
Found part num: 376 (sum -> 267668)
Found part num: 677 (sum -> 268345)
Found part num: 633 (sum -> 268978)
Found part num: 523 (sum -> 269501)
Found part num: 607 (sum -> 270108)
Found part num: 372 (sum -> 270480)
Number is not a part num: 855
Found part num: 439 (sum -> 270919)
Found part num: 311 (sum -> 271230)
Found part num: 96 (sum -> 271326)
Found part num: 938 (sum -> 272264)
Found part num: 815 (sum -> 273079)
Found part num: 839 (sum -> 273918)
Found part num: 286 (sum -> 274204)
Found part num: 830 (sum -> 275034)
Found part num: 115 (sum -> 275149)
Number is not a part num: 908
Found part num: 351 (sum -> 275500)
Found part num: 850 (sum -> 276350)
Number is not a part num: 290
Found part num: 959 (sum -> 277309)
Found part num: 453 (sum -> 277762)
Found part num: 392 (sum -> 278154)
Found part num: 750 (sum -> 278904)
Found part num: 954 (sum -> 279858)
Found part num: 627 (sum -> 280485)
Found part num: 120 (sum -> 280605)
Found part num: 50 (sum -> 280655)
Found part num: 900 (sum -> 281555)
Found part num: 818 (sum -> 282373)
Found part num: 668 (sum -> 283041)
Found part num: 848 (sum -> 283889)
Found part num: 979 (sum -> 284868)
Number is not a part num: 603
Found part num: 863 (sum -> 285731)
Found part num: 250 (sum -> 285981)
Found part num: 507 (sum -> 286488)
Found part num: 751 (sum -> 287239)
Found part num: 411 (sum -> 287650)
Found part num: 350 (sum -> 288000)
Found part num: 702 (sum -> 288702)
Found part num: 292 (sum -> 288994)
Found part num: 615 (sum -> 289609)
Found part num: 676 (sum -> 290285)
Found part num: 140 (sum -> 290425)
Found part num: 800 (sum -> 291225)
Found part num: 895 (sum -> 292120)
Found part num: 93 (sum -> 292213)
Found part num: 51 (sum -> 292264)
Found part num: 295 (sum -> 292559)
Found part num: 59 (sum -> 292618)
Number is not a part num: 594
Number is not a part num: 801
Found part num: 84 (sum -> 292702)
Number is not a part num: 335
Found part num: 521 (sum -> 293223)
Found part num: 883 (sum -> 294106)
Found part num: 33 (sum -> 294139)
Found part num: 801 (sum -> 294940)
Found part num: 917 (sum -> 295857)
Found part num: 667 (sum -> 296524)
Found part num: 893 (sum -> 297417)
Found part num: 485 (sum -> 297902)
Found part num: 55 (sum -> 297957)
Found part num: 895 (sum -> 298852)
Found part num: 315 (sum -> 299167)
Found part num: 574 (sum -> 299741)
Found part num: 168 (sum -> 299909)
Found part num: 215 (sum -> 300124)
Found part num: 123 (sum -> 300247)
Found part num: 966 (sum -> 301213)
Found part num: 774 (sum -> 301987)
Found part num: 526 (sum -> 302513)
Found part num: 11 (sum -> 302524)
Found part num: 533 (sum -> 303057)
Found part num: 766 (sum -> 303823)
Found part num: 709 (sum -> 304532)
Number is not a part num: 931
Found part num: 624 (sum -> 305156)
Found part num: 275 (sum -> 305431)
Found part num: 189 (sum -> 305620)
End line: Found part num: 836 (sum -> 306456)
Found part num: 342 (sum -> 306798)
Found part num: 551 (sum -> 307349)
Found part num: 178 (sum -> 307527)
Found part num: 621 (sum -> 308148)
Found part num: 561 (sum -> 308709)
Found part num: 214 (sum -> 308923)
Found part num: 207 (sum -> 309130)
Found part num: 822 (sum -> 309952)
Found part num: 63 (sum -> 310015)
Number is not a part num: 615
Found part num: 499 (sum -> 310514)
Found part num: 825 (sum -> 311339)
Found part num: 167 (sum -> 311506)
Number is not a part num: 870
Found part num: 265 (sum -> 311771)
Found part num: 891 (sum -> 312662)
Found part num: 758 (sum -> 313420)
Found part num: 953 (sum -> 314373)
Found part num: 727 (sum -> 315100)
Found part num: 273 (sum -> 315373)
Found part num: 413 (sum -> 315786)
Found part num: 818 (sum -> 316604)
Found part num: 275 (sum -> 316879)
Found part num: 81 (sum -> 316960)
Found part num: 447 (sum -> 317407)
Found part num: 506 (sum -> 317913)
Number is not a part num: 67
Found part num: 242 (sum -> 318155)
Found part num: 793 (sum -> 318948)
Found part num: 531 (sum -> 319479)
Found part num: 885 (sum -> 320364)
Found part num: 18 (sum -> 320382)
Found part num: 710 (sum -> 321092)
Number is not a part num: 906
Found part num: 645 (sum -> 321737)
Found part num: 98 (sum -> 321835)
Found part num: 520 (sum -> 322355)
Number is not a part num: 565
Found part num: 958 (sum -> 323313)
Found part num: 88 (sum -> 323401)
Found part num: 66 (sum -> 323467)
Found part num: 911 (sum -> 324378)
Found part num: 44 (sum -> 324422)
Found part num: 455 (sum -> 324877)
Found part num: 298 (sum -> 325175)
Found part num: 510 (sum -> 325685)
Found part num: 366 (sum -> 326051)
Number is not a part num: 162
Found part num: 306 (sum -> 326357)
Number is not a part num: 354
Found part num: 153 (sum -> 326510)
Number is not a part num: 53
Found part num: 689 (sum -> 327199)
Found part num: 690 (sum -> 327889)
Found part num: 318 (sum -> 328207)
Found part num: 701 (sum -> 328908)
Found part num: 156 (sum -> 329064)
Found part num: 519 (sum -> 329583)
Found part num: 386 (sum -> 329969)
Found part num: 917 (sum -> 330886)
Number is not a part num: 718
Found part num: 754 (sum -> 331640)
Found part num: 606 (sum -> 332246)
Found part num: 164 (sum -> 332410)
Found part num: 28 (sum -> 332438)
Found part num: 303 (sum -> 332741)
Found part num: 921 (sum -> 333662)
Found part num: 342 (sum -> 334004)
Found part num: 558 (sum -> 334562)
Found part num: 67 (sum -> 334629)
Found part num: 682 (sum -> 335311)
Found part num: 586 (sum -> 335897)
Found part num: 541 (sum -> 336438)
Found part num: 756 (sum -> 337194)
Found part num: 931 (sum -> 338125)
Found part num: 92 (sum -> 338217)
Found part num: 826 (sum -> 339043)
Found part num: 662 (sum -> 339705)
Found part num: 775 (sum -> 340480)
Found part num: 419 (sum -> 340899)
Found part num: 510 (sum -> 341409)
Found part num: 822 (sum -> 342231)
Found part num: 690 (sum -> 342921)
Found part num: 398 (sum -> 343319)
Number is not a part num: 98
Found part num: 9 (sum -> 343328)
Found part num: 999 (sum -> 344327)
Found part num: 617 (sum -> 344944)
Found part num: 681 (sum -> 345625)
Found part num: 360 (sum -> 345985)
Found part num: 508 (sum -> 346493)
Found part num: 594 (sum -> 347087)
Found part num: 437 (sum -> 347524)
Found part num: 385 (sum -> 347909)
Found part num: 647 (sum -> 348556)
Found part num: 709 (sum -> 349265)
Found part num: 71 (sum -> 349336)
Found part num: 539 (sum -> 349875)
Found part num: 864 (sum -> 350739)
Found part num: 826 (sum -> 351565)
Found part num: 529 (sum -> 352094)
Found part num: 260 (sum -> 352354)
Found part num: 672 (sum -> 353026)
Found part num: 538 (sum -> 353564)
Found part num: 996 (sum -> 354560)
Found part num: 560 (sum -> 355120)
Found part num: 639 (sum -> 355759)
Found part num: 867 (sum -> 356626)
Found part num: 922 (sum -> 357548)
Found part num: 891 (sum -> 358439)
Found part num: 695 (sum -> 359134)
Found part num: 376 (sum -> 359510)
Found part num: 922 (sum -> 360432)
Found part num: 875 (sum -> 361307)
Number is not a part num: 331
Found part num: 542 (sum -> 361849)
Found part num: 932 (sum -> 362781)
Found part num: 409 (sum -> 363190)
Number is not a part num: 815
Found part num: 888 (sum -> 364078)
Found part num: 322 (sum -> 364400)
Found part num: 205 (sum -> 364605)
Found part num: 940 (sum -> 365545)
Found part num: 2 (sum -> 365547)
Found part num: 411 (sum -> 365958)
Found part num: 635 (sum -> 366593)
Found part num: 698 (sum -> 367291)
Found part num: 119 (sum -> 367410)
Found part num: 65 (sum -> 367475)
Found part num: 511 (sum -> 367986)
Number is not a part num: 34
Found part num: 574 (sum -> 368560)
Found part num: 971 (sum -> 369531)
Found part num: 85 (sum -> 369616)
Found part num: 630 (sum -> 370246)
Number is not a part num: 104
Number is not a part num: 311
Found part num: 561 (sum -> 370807)
Found part num: 556 (sum -> 371363)
Found part num: 514 (sum -> 371877)
Found part num: 663 (sum -> 372540)
Found part num: 416 (sum -> 372956)
Found part num: 243 (sum -> 373199)
Found part num: 728 (sum -> 373927)
Found part num: 521 (sum -> 374448)
Found part num: 131 (sum -> 374579)
Found part num: 979 (sum -> 375558)
Found part num: 227 (sum -> 375785)
Found part num: 556 (sum -> 376341)
Found part num: 499 (sum -> 376840)
Found part num: 895 (sum -> 377735)
Found part num: 42 (sum -> 377777)
End line: Number is not a part num: 898
Found part num: 614 (sum -> 378391)
Found part num: 498 (sum -> 378889)
Found part num: 612 (sum -> 379501)
Found part num: 205 (sum -> 379706)
Found part num: 138 (sum -> 379844)
Found part num: 664 (sum -> 380508)
Found part num: 190 (sum -> 380698)
Found part num: 834 (sum -> 381532)
Found part num: 348 (sum -> 381880)
Found part num: 887 (sum -> 382767)
Found part num: 730 (sum -> 383497)
Found part num: 475 (sum -> 383972)
Found part num: 404 (sum -> 384376)
Found part num: 474 (sum -> 384850)
Found part num: 168 (sum -> 385018)
Number is not a part num: 620
Found part num: 175 (sum -> 385193)
Found part num: 549 (sum -> 385742)
Number is not a part num: 11
Number is not a part num: 459
Found part num: 320 (sum -> 386062)
Number is not a part num: 401
Found part num: 261 (sum -> 386323)
Found part num: 267 (sum -> 386590)
Found part num: 676 (sum -> 387266)
Found part num: 629 (sum -> 387895)
Found part num: 487 (sum -> 388382)
Found part num: 142 (sum -> 388524)
Found part num: 551 (sum -> 389075)
Number is not a part num: 961
Found part num: 751 (sum -> 389826)
Found part num: 360 (sum -> 390186)
Found part num: 41 (sum -> 390227)
Number is not a part num: 504
Found part num: 416 (sum -> 390643)
Found part num: 144 (sum -> 390787)
Found part num: 438 (sum -> 391225)
Found part num: 385 (sum -> 391610)
Found part num: 635 (sum -> 392245)
Found part num: 330 (sum -> 392575)
Found part num: 544 (sum -> 393119)
Found part num: 369 (sum -> 393488)
Found part num: 349 (sum -> 393837)
Found part num: 479 (sum -> 394316)
Found part num: 995 (sum -> 395311)
Found part num: 566 (sum -> 395877)
Found part num: 80 (sum -> 395957)
Found part num: 595 (sum -> 396552)
Found part num: 468 (sum -> 397020)
Found part num: 507 (sum -> 397527)
Found part num: 301 (sum -> 397828)
Found part num: 619 (sum -> 398447)
Found part num: 383 (sum -> 398830)
Found part num: 498 (sum -> 399328)
Found part num: 950 (sum -> 400278)
Found part num: 484 (sum -> 400762)
Found part num: 258 (sum -> 401020)
Found part num: 926 (sum -> 401946)
Found part num: 224 (sum -> 402170)
Found part num: 394 (sum -> 402564)
Found part num: 81 (sum -> 402645)
Found part num: 904 (sum -> 403549)
Found part num: 537 (sum -> 404086)
Found part num: 521 (sum -> 404607)
Found part num: 882 (sum -> 405489)
Found part num: 231 (sum -> 405720)
Found part num: 837 (sum -> 406557)
Found part num: 370 (sum -> 406927)
Found part num: 625 (sum -> 407552)
Found part num: 116 (sum -> 407668)
Found part num: 11 (sum -> 407679)
Number is not a part num: 866
Number is not a part num: 288
Found part num: 311 (sum -> 407990)
Found part num: 375 (sum -> 408365)
Found part num: 708 (sum -> 409073)
Found part num: 67 (sum -> 409140)
Found part num: 380 (sum -> 409520)
Number is not a part num: 170
Found part num: 600 (sum -> 410120)
Found part num: 811 (sum -> 410931)
Found part num: 287 (sum -> 411218)
Found part num: 211 (sum -> 411429)
Found part num: 987 (sum -> 412416)
Found part num: 448 (sum -> 412864)
Number is not a part num: 92
Found part num: 408 (sum -> 413272)
Found part num: 405 (sum -> 413677)
Found part num: 17 (sum -> 413694)
Found part num: 32 (sum -> 413726)
Found part num: 180 (sum -> 413906)
Found part num: 81 (sum -> 413987)
Found part num: 315 (sum -> 414302)
Found part num: 148 (sum -> 414450)
Found part num: 401 (sum -> 414851)
Found part num: 713 (sum -> 415564)
Number is not a part num: 67
Found part num: 475 (sum -> 416039)
Found part num: 707 (sum -> 416746)
Found part num: 852 (sum -> 417598)
Found part num: 830 (sum -> 418428)
Found part num: 484 (sum -> 418912)
Found part num: 77 (sum -> 418989)
Found part num: 902 (sum -> 419891)
Found part num: 505 (sum -> 420396)
Found part num: 273 (sum -> 420669)
Found part num: 837 (sum -> 421506)
Found part num: 33 (sum -> 421539)
Found part num: 492 (sum -> 422031)
Found part num: 80 (sum -> 422111)
Found part num: 203 (sum -> 422314)
Found part num: 686 (sum -> 423000)
Found part num: 722 (sum -> 423722)
Found part num: 178 (sum -> 423900)
Found part num: 191 (sum -> 424091)
Found part num: 791 (sum -> 424882)
Found part num: 433 (sum -> 425315)
Found part num: 342 (sum -> 425657)
Found part num: 689 (sum -> 426346)
Found part num: 988 (sum -> 427334)
Found part num: 923 (sum -> 428257)
Found part num: 622 (sum -> 428879)
Found part num: 850 (sum -> 429729)
Found part num: 679 (sum -> 430408)
Found part num: 376 (sum -> 430784)
Number is not a part num: 308
Found part num: 812 (sum -> 431596)
Found part num: 742 (sum -> 432338)
Found part num: 148 (sum -> 432486)
Found part num: 663 (sum -> 433149)
Number is not a part num: 818
Found part num: 177 (sum -> 433326)
Found part num: 839 (sum -> 434165)
Found part num: 388 (sum -> 434553)
Found part num: 269 (sum -> 434822)
Found part num: 496 (sum -> 435318)
Found part num: 274 (sum -> 435592)
Found part num: 791 (sum -> 436383)
Found part num: 190 (sum -> 436573)
Number is not a part num: 241
Number is not a part num: 127
Found part num: 74 (sum -> 436647)
Found part num: 912 (sum -> 437559)
Found part num: 435 (sum -> 437994)
Found part num: 107 (sum -> 438101)
Found part num: 790 (sum -> 438891)
Found part num: 640 (sum -> 439531)
Found part num: 200 (sum -> 439731)
Found part num: 578 (sum -> 440309)
Number is not a part num: 112
Found part num: 83 (sum -> 440392)
Found part num: 252 (sum -> 440644)
Found part num: 269 (sum -> 440913)
Found part num: 970 (sum -> 441883)
Found part num: 823 (sum -> 442706)
Found part num: 875 (sum -> 443581)
Number is not a part num: 787
Found part num: 515 (sum -> 444096)
Found part num: 305 (sum -> 444401)
Found part num: 274 (sum -> 444675)
Found part num: 261 (sum -> 444936)
Found part num: 136 (sum -> 445072)
Number is not a part num: 564
Found part num: 635 (sum -> 445707)
Found part num: 26 (sum -> 445733)
Found part num: 438 (sum -> 446171)
Found part num: 469 (sum -> 446640)
Found part num: 193 (sum -> 446833)
Found part num: 55 (sum -> 446888)
Found part num: 244 (sum -> 447132)
Found part num: 185 (sum -> 447317)
Number is not a part num: 258
Found part num: 287 (sum -> 447604)
Found part num: 556 (sum -> 448160)
Found part num: 245 (sum -> 448405)
Found part num: 855 (sum -> 449260)
Found part num: 928 (sum -> 450188)
Found part num: 61 (sum -> 450249)
Found part num: 370 (sum -> 450619)
Found part num: 74 (sum -> 450693)
Found part num: 488 (sum -> 451181)
Found part num: 970 (sum -> 452151)
Found part num: 315 (sum -> 452466)
Found part num: 999 (sum -> 453465)
Number is not a part num: 65
Found part num: 928 (sum -> 454393)
Number is not a part num: 164
Found part num: 431 (sum -> 454824)
Found part num: 370 (sum -> 455194)
Found part num: 909 (sum -> 456103)
Found part num: 468 (sum -> 456571)
Found part num: 471 (sum -> 457042)
Found part num: 961 (sum -> 458003)
Found part num: 350 (sum -> 458353)
Found part num: 746 (sum -> 459099)
Found part num: 38 (sum -> 459137)
Found part num: 261 (sum -> 459398)
Found part num: 301 (sum -> 459699)
Number is not a part num: 278
Found part num: 750 (sum -> 460449)
Found part num: 7 (sum -> 460456)
Found part num: 860 (sum -> 461316)
Found part num: 900 (sum -> 462216)
Found part num: 300 (sum -> 462516)
Found part num: 410 (sum -> 462926)
Found part num: 209 (sum -> 463135)
Found part num: 98 (sum -> 463233)
Found part num: 801 (sum -> 464034)
Found part num: 313 (sum -> 464347)
Found part num: 491 (sum -> 464838)
Found part num: 845 (sum -> 465683)
Found part num: 160 (sum -> 465843)
Found part num: 313 (sum -> 466156)
Found part num: 547 (sum -> 466703)
Found part num: 986 (sum -> 467689)
Found part num: 139 (sum -> 467828)
Found part num: 331 (sum -> 468159)
Found part num: 401 (sum -> 468560)
Found part num: 513 (sum -> 469073)
Found part num: 362 (sum -> 469435)
Found part num: 540 (sum -> 469975)
Found part num: 913 (sum -> 470888)
Found part num: 655 (sum -> 471543)
Found part num: 510 (sum -> 472053)
Found part num: 483 (sum -> 472536)
Number is not a part num: 670
Number is not a part num: 651
Found part num: 433 (sum -> 472969)
Found part num: 264 (sum -> 473233)
Found part num: 43 (sum -> 473276)
Found part num: 176 (sum -> 473452)
Number is not a part num: 211
Number is not a part num: 892
Found part num: 253 (sum -> 473705)
Found part num: 645 (sum -> 474350)
Found part num: 16 (sum -> 474366)
Found part num: 116 (sum -> 474482)
Found part num: 309 (sum -> 474791)
Found part num: 569 (sum -> 475360)
Found part num: 402 (sum -> 475762)
Found part num: 83 (sum -> 475845)
Found part num: 884 (sum -> 476729)
Found part num: 618 (sum -> 477347)
Found part num: 465 (sum -> 477812)
Found part num: 989 (sum -> 478801)
Found part num: 505 (sum -> 479306)
Found part num: 101 (sum -> 479407)
Found part num: 974 (sum -> 480381)
Found part num: 871 (sum -> 481252)
Number is not a part num: 4
Found part num: 565 (sum -> 481817)
Found part num: 297 (sum -> 482114)
Found part num: 179 (sum -> 482293)
Number is not a part num: 637
Found part num: 199 (sum -> 482492)
Found part num: 924 (sum -> 483416)
Found part num: 713 (sum -> 484129)
Found part num: 367 (sum -> 484496)
Found part num: 308 (sum -> 484804)
Found part num: 752 (sum -> 485556)
Found part num: 997 (sum -> 486553)
Found part num: 23 (sum -> 486576)
Found part num: 396 (sum -> 486972)
Found part num: 883 (sum -> 487855)
Found part num: 306 (sum -> 488161)
Found part num: 148 (sum -> 488309)
Found part num: 76 (sum -> 488385)
Found part num: 979 (sum -> 489364)
Found part num: 382 (sum -> 489746)
Found part num: 677 (sum -> 490423)
Found part num: 933 (sum -> 491356)
Found part num: 637 (sum -> 491993)
Found part num: 659 (sum -> 492652)
Found part num: 678 (sum -> 493330)
Found part num: 445 (sum -> 493775)
Found part num: 952 (sum -> 494727)
Found part num: 837 (sum -> 495564)
Found part num: 755 (sum -> 496319)
Found part num: 795 (sum -> 497114)
Found part num: 178 (sum -> 497292)
Found part num: 731 (sum -> 498023)
Found part num: 855 (sum -> 498878)
Found part num: 173 (sum -> 499051)
Found part num: 15 (sum -> 499066)
Found part num: 417 (sum -> 499483)
Found part num: 180 (sum -> 499663)
Found part num: 328 (sum -> 499991)
Number is not a part num: 607
Found part num: 392 (sum -> 500383)
Found part num: 495 (sum -> 500878)
Found part num: 546 (sum -> 501424)
Number is not a part num: 183
Number is not a part num: 224
Found part num: 16 (sum -> 501440)
Found part num: 65 (sum -> 501505)
Found part num: 772 (sum -> 502277)
Found part num: 937 (sum -> 503214)
Found part num: 981 (sum -> 504195)
Found part num: 92 (sum -> 504287)
Found part num: 164 (sum -> 504451)
Found part num: 833 (sum -> 505284)
Found part num: 116 (sum -> 505400)
Found part num: 149 (sum -> 505549)
Found part num: 225 (sum -> 505774)
Found part num: 287 (sum -> 506061)
Number is not a part num: 136
Found part num: 240 (sum -> 506301)
Found part num: 242 (sum -> 506543)
Found part num: 749 (sum -> 507292)
Number is not a part num: 688
Found part num: 49 (sum -> 507341)
Found part num: 202 (sum -> 507543)
Found part num: 985 (sum -> 508528)
Found part num: 732 (sum -> 509260)
Found part num: 812 (sum -> 510072)
Number is not a part num: 798
Found part num: 533 (sum -> 510605)
Found part num: 468 (sum -> 511073)
Found part num: 30 (sum -> 511103)
Found part num: 228 (sum -> 511331)
Found part num: 94 (sum -> 511425)
Found part num: 798 (sum -> 512223)
Found part num: 431 (sum -> 512654)
Found part num: 425 (sum -> 513079)
Found part num: 929 (sum -> 514008)
Found part num: 704 (sum -> 514712)
Found part num: 982 (sum -> 515694)
Found part num: 332 (sum -> 516026)
Number is not a part num: 447
Found part num: 307 (sum -> 516333)
Found part num: 704 (sum -> 517037)
Found part num: 775 (sum -> 517812)
Found part num: 973 (sum -> 518785)
Found part num: 90 (sum -> 518875)
Number is not a part num: 424
Found part num: 711 (sum -> 519586)
Found part num: 253 (sum -> 519839)
Found part num: 119 (sum -> 519958)
Found part num: 486 (sum -> 520444)
Found part num: 89 (sum -> 520533)
Found part num: 438 (sum -> 520971)
Number is not a part num: 666
Found part num: 487 (sum -> 521458)
Number is not a part num: 947
Found part num: 823 (sum -> 522281)
Number is not a part num: 544
Found part num: 883 (sum -> 523164)
Found part num: 291 (sum -> 523455)
Found part num: 813 (sum -> 524268)
Found part num: 425 (sum -> 524693)
Found part num: 659 (sum -> 525352)
Number is not a part num: 28
Found part num: 491 (sum -> 525843)
Found part num: 896 (sum -> 526739)
Found part num: 943 (sum -> 527682)
Found part num: 590 (sum -> 528272)
Number is not a part num: 145
Found part num: 414 (sum -> 528686)
Found part num: 969 (sum -> 529655)
Found part num: 896 (sum -> 530551)
Found part num: 622 (sum -> 531173)
Found part num: 938 (sum -> 532111)
Found part num: 184 (sum -> 532295)
Found part num: 935 (sum -> 533230)
Found part num: 71 (sum -> 533301)
Found part num: 84 (sum -> 533385)
Found part num: 825 (sum -> 534210)
Number is not a part num: 637
Found part num: 528 (sum -> 534738)
Found part num: 990 (sum -> 535728)
Found part num: 745 (sum -> 536473)
Number is not a part num: 534
Number is not a part num: 58
Found part num: 901 (sum -> 537374)
Found part num: 974 (sum -> 538348)
Found part num: 637 (sum -> 538985)
Found part num: 87 (sum -> 539072)
Found part num: 361 (sum -> 539433)
Ending sum: 539433
